{"5a0a7ce384a2228b6ffc6ed23582f115":{"statistic":{"failed":0,"broken":1,"skipped":0,"passed":0,"unknown":0,"total":1},"items":[{"uid":"e7fef1205a60bf22","reportUrl":"https://YuraLeshchuk.github.io/Pet_Pytest/builds/tests/33/index.html#testresult/e7fef1205a60bf22","status":"broken","statusDetails":"selenium.common.exceptions.WebDriverException: Message: unknown error: JavaScript code failed\nfrom unknown command: 'Runtime.evaluate' wasn't found\n  (Session info: chrome=143.0.7499.192)\nStacktrace:\n#0 0x55ed15e4340a <unknown>\n#1 0x55ed1587776b <unknown>\n#2 0x55ed1585ec2b <unknown>\n#3 0x55ed1585d56a <unknown>\n#4 0x55ed1585dcbf <unknown>\n#5 0x55ed1588b821 <unknown>\n#6 0x55ed158806c1 <unknown>\n#7 0x55ed158805cb <unknown>\n#8 0x55ed1584fb22 <unknown>\n#9 0x55ed1584e035 <unknown>\n#10 0x55ed15928f02 <unknown>\n#11 0x55ed15914760 <unknown>\n#12 0x55ed158bb7b2 <unknown>\n#13 0x55ed158bc461 <unknown>\n#14 0x55ed15e0bdf9 <unknown>\n#15 0x55ed15e0ed5d <unknown>\n#16 0x55ed15df4b41 <unknown>\n#17 0x55ed15e0f93b <unknown>\n#18 0x55ed15ddb870 <unknown>\n#19 0x55ed15e30828 <unknown>\n#20 0x55ed15e309fc <unknown>\n#21 0x55ed15e42763 <unknown>\n#22 0x7f21f969caa4 <unknown>\n#23 0x7f21f9729c6c <unknown>","time":{"start":1768831395415,"stop":1768831395415,"duration":0}}]},"34a9c6a7b35e17de6e644f6a61d448f1":{"statistic":{"failed":0,"broken":1,"skipped":0,"passed":0,"unknown":0,"total":1},"items":[{"uid":"b2b3d2474f94ac8b","reportUrl":"https://YuraLeshchuk.github.io/Pet_Pytest/builds/tests/33/index.html#testresult/b2b3d2474f94ac8b","status":"broken","statusDetails":"FileNotFoundError: [Errno 2] No such file or directory: 'shared_variables.txt'","time":{"start":1768831385247,"stop":1768831385248,"duration":1}}]},"606becc1a0f95557fff72db2833850d0":{"statistic":{"failed":1,"broken":0,"skipped":0,"passed":0,"unknown":0,"total":1},"items":[{"uid":"ea5c8382013bffb8","reportUrl":"https://YuraLeshchuk.github.io/Pet_Pytest/builds/tests/33/index.html#testresult/ea5c8382013bffb8","status":"failed","statusDetails":"AssertionError: assert 406 == 201\n +  where 406 = <Response [406]>.status_code","time":{"start":1768831383842,"stop":1768831384210,"duration":368}}]},"64dd3b8250d9136fa068499eea67da0e":{"statistic":{"failed":0,"broken":1,"skipped":0,"passed":0,"unknown":0,"total":1},"items":[{"uid":"607e91f158c48e8d","reportUrl":"https://YuraLeshchuk.github.io/Pet_Pytest/builds/tests/33/index.html#testresult/607e91f158c48e8d","status":"broken","statusDetails":"selenium.common.exceptions.WebDriverException: Message: unknown error: JavaScript code failed\nfrom unknown command: 'Runtime.evaluate' wasn't found\n  (Session info: chrome=143.0.7499.192)\nStacktrace:\n#0 0x55bb0d39f40a <unknown>\n#1 0x55bb0cdd376b <unknown>\n#2 0x55bb0cdbac2b <unknown>\n#3 0x55bb0cdb956a <unknown>\n#4 0x55bb0cdb9cbf <unknown>\n#5 0x55bb0cde7821 <unknown>\n#6 0x55bb0cddc6c1 <unknown>\n#7 0x55bb0cddc5cb <unknown>\n#8 0x55bb0cdabb22 <unknown>\n#9 0x55bb0cdaa035 <unknown>\n#10 0x55bb0ce84f02 <unknown>\n#11 0x55bb0ce70760 <unknown>\n#12 0x55bb0ce177b2 <unknown>\n#13 0x55bb0ce18461 <unknown>\n#14 0x55bb0d367df9 <unknown>\n#15 0x55bb0d36ad5d <unknown>\n#16 0x55bb0d350b41 <unknown>\n#17 0x55bb0d36b93b <unknown>\n#18 0x55bb0d337870 <unknown>\n#19 0x55bb0d38c828 <unknown>\n#20 0x55bb0d38c9fc <unknown>\n#21 0x55bb0d39e763 <unknown>\n#22 0x7fda9d69caa4 <unknown>\n#23 0x7fda9d729c6c <unknown>","time":{"start":1768831385252,"stop":1768831385252,"duration":0}}]}}