{"399851b09e6660d81879d371904f5cda":{"statistic":{"failed":0,"broken":1,"skipped":0,"passed":0,"unknown":0,"total":1},"items":[{"uid":"f9e6abadb2951e25","reportUrl":"https://YuraLeshchuk.github.io/Pet_Pytest/builds/tests/28/index.html#testresult/f9e6abadb2951e25","status":"broken","statusDetails":"selenium.common.exceptions.WebDriverException: Message: unknown error: JavaScript code failed\nfrom unknown command: 'Runtime.evaluate' wasn't found\n  (Session info: chrome=143.0.7499.169)\nStacktrace:\n#0 0x56042b6b840a <unknown>\n#1 0x56042b0ec76b <unknown>\n#2 0x56042b0d3c2b <unknown>\n#3 0x56042b0d256a <unknown>\n#4 0x56042b0d2cbf <unknown>\n#5 0x56042b100821 <unknown>\n#6 0x56042b0f56c1 <unknown>\n#7 0x56042b0f55cb <unknown>\n#8 0x56042b0c4b22 <unknown>\n#9 0x56042b0c3035 <unknown>\n#10 0x56042b19df02 <unknown>\n#11 0x56042b189760 <unknown>\n#12 0x56042b1307b2 <unknown>\n#13 0x56042b131461 <unknown>\n#14 0x56042b680df9 <unknown>\n#15 0x56042b683d5d <unknown>\n#16 0x56042b669b41 <unknown>\n#17 0x56042b68493b <unknown>\n#18 0x56042b650870 <unknown>\n#19 0x56042b6a5828 <unknown>\n#20 0x56042b6a59fc <unknown>\n#21 0x56042b6b7763 <unknown>\n#22 0x7fbb74e9caa4 <unknown>\n#23 0x7fbb74f29c6c <unknown>","time":{"start":1768402557532,"stop":1768402557532,"duration":0}}]},"34a9c6a7b35e17de6e644f6a61d448f1":{"statistic":{"failed":0,"broken":1,"skipped":0,"passed":0,"unknown":0,"total":1},"items":[{"uid":"47dbd18b439bd3be","reportUrl":"https://YuraLeshchuk.github.io/Pet_Pytest/builds/tests/28/index.html#testresult/47dbd18b439bd3be","status":"broken","statusDetails":"FileNotFoundError: [Errno 2] No such file or directory: 'shared_variables.txt'","time":{"start":1768402545320,"stop":1768402545320,"duration":0}}]},"606becc1a0f95557fff72db2833850d0":{"statistic":{"failed":1,"broken":0,"skipped":0,"passed":0,"unknown":0,"total":1},"items":[{"uid":"f8e0b05a6b9dfd6b","reportUrl":"https://YuraLeshchuk.github.io/Pet_Pytest/builds/tests/28/index.html#testresult/f8e0b05a6b9dfd6b","status":"failed","statusDetails":"AssertionError: assert 406 == 201\n +  where 406 = <Response [406]>.status_code","time":{"start":1768402543963,"stop":1768402544415,"duration":452}}]},"64dd3b8250d9136fa068499eea67da0e":{"statistic":{"failed":0,"broken":1,"skipped":0,"passed":0,"unknown":0,"total":1},"items":[{"uid":"2e9d1df2b3248ef6","reportUrl":"https://YuraLeshchuk.github.io/Pet_Pytest/builds/tests/28/index.html#testresult/2e9d1df2b3248ef6","status":"broken","statusDetails":"selenium.common.exceptions.WebDriverException: Message: unknown error: JavaScript code failed\nfrom unknown command: 'Runtime.evaluate' wasn't found\n  (Session info: chrome=143.0.7499.169)\nStacktrace:\n#0 0x564d5be7140a <unknown>\n#1 0x564d5b8a576b <unknown>\n#2 0x564d5b88cc2b <unknown>\n#3 0x564d5b88b56a <unknown>\n#4 0x564d5b88bcbf <unknown>\n#5 0x564d5b8b9821 <unknown>\n#6 0x564d5b8ae6c1 <unknown>\n#7 0x564d5b8ae5cb <unknown>\n#8 0x564d5b87db22 <unknown>\n#9 0x564d5b87c035 <unknown>\n#10 0x564d5b956f02 <unknown>\n#11 0x564d5b942760 <unknown>\n#12 0x564d5b8e97b2 <unknown>\n#13 0x564d5b8ea461 <unknown>\n#14 0x564d5be39df9 <unknown>\n#15 0x564d5be3cd5d <unknown>\n#16 0x564d5be22b41 <unknown>\n#17 0x564d5be3d93b <unknown>\n#18 0x564d5be09870 <unknown>\n#19 0x564d5be5e828 <unknown>\n#20 0x564d5be5e9fc <unknown>\n#21 0x564d5be70763 <unknown>\n#22 0x7f7e7749caa4 <unknown>\n#23 0x7f7e77529c6c <unknown>","time":{"start":1768402545324,"stop":1768402545324,"duration":0}}]}}