{"4fda522be82d41b74ce6233377c0a21e":{"statistic":{"failed":0,"broken":1,"skipped":0,"passed":0,"unknown":0,"total":1},"items":[{"uid":"ea40cc3fe878ce03","reportUrl":"https://YuraLeshchuk.github.io/Pet_Pytest/builds/tests/41/index.html#testresult/ea40cc3fe878ce03","status":"broken","statusDetails":"selenium.common.exceptions.SessionNotCreatedException: Message: session not created: Chrome instance exited. Examine ChromeDriver verbose log to determine the cause.\nStacktrace:\n#0 0x55e8e7fff40a <unknown>\n#1 0x55e8e7a3376b <unknown>\n#2 0x55e8e7a6d88d <unknown>\n#3 0x55e8e7a69243 <unknown>\n#4 0x55e8e7ab8dcc <unknown>\n#5 0x55e8e7ab84ec <unknown>\n#6 0x55e8e7a777b2 <unknown>\n#7 0x55e8e7a78461 <unknown>\n#8 0x55e8e7fc7df9 <unknown>\n#9 0x55e8e7fcad5d <unknown>\n#10 0x55e8e7fb0b41 <unknown>\n#11 0x55e8e7fcb93b <unknown>\n#12 0x55e8e7f97870 <unknown>\n#13 0x55e8e7fec828 <unknown>\n#14 0x55e8e7fec9fc <unknown>\n#15 0x55e8e7ffe763 <unknown>\n#16 0x7f8d3e49caa4 <unknown>\n#17 0x7f8d3e529c6c <unknown>","time":{"start":1769092515981,"stop":1769092515981,"duration":0}}]},"550c41b3f2266411e44e06bb9bb1c1bb":{"statistic":{"failed":0,"broken":1,"skipped":0,"passed":0,"unknown":0,"total":1},"items":[{"uid":"20efe9be4fe57820","reportUrl":"https://YuraLeshchuk.github.io/Pet_Pytest/builds/tests/41/index.html#testresult/20efe9be4fe57820","status":"broken","statusDetails":"FileNotFoundError: [Errno 2] No such file or directory: 'shared_variables.txt'","time":{"start":1769092511727,"stop":1769092511727,"duration":0}}]},"5a0a7ce384a2228b6ffc6ed23582f115":{"statistic":{"failed":0,"broken":1,"skipped":0,"passed":0,"unknown":0,"total":1},"items":[{"uid":"d67333fdbec4284a","reportUrl":"https://YuraLeshchuk.github.io/Pet_Pytest/builds/tests/41/index.html#testresult/d67333fdbec4284a","status":"broken","statusDetails":"selenium.common.exceptions.SessionNotCreatedException: Message: session not created: Chrome instance exited. Examine ChromeDriver verbose log to determine the cause.\nStacktrace:\n#0 0x55d7b1fdf40a <unknown>\n#1 0x55d7b1a1376b <unknown>\n#2 0x55d7b1a4d88d <unknown>\n#3 0x55d7b1a49243 <unknown>\n#4 0x55d7b1a98dcc <unknown>\n#5 0x55d7b1a984ec <unknown>\n#6 0x55d7b1a577b2 <unknown>\n#7 0x55d7b1a58461 <unknown>\n#8 0x55d7b1fa7df9 <unknown>\n#9 0x55d7b1faad5d <unknown>\n#10 0x55d7b1f90b41 <unknown>\n#11 0x55d7b1fab93b <unknown>\n#12 0x55d7b1f77870 <unknown>\n#13 0x55d7b1fcc828 <unknown>\n#14 0x55d7b1fcc9fc <unknown>\n#15 0x55d7b1fde763 <unknown>\n#16 0x7fb17969caa4 <unknown>\n#17 0x7fb179729c6c <unknown>","time":{"start":1769092511731,"stop":1769092511731,"duration":0}}]},"bfb4b2551a4d58dcf87923094ce189f4":{"statistic":{"failed":1,"broken":0,"skipped":0,"passed":0,"unknown":0,"total":1},"items":[{"uid":"7d521397e3cc5776","reportUrl":"https://YuraLeshchuk.github.io/Pet_Pytest/builds/tests/41/index.html#testresult/7d521397e3cc5776","status":"failed","statusDetails":"AssertionError: assert 406 == 201\n +  where 406 = <Response [406]>.status_code","time":{"start":1769092510399,"stop":1769092510606,"duration":207}}]},"c245afe09ace0ef9c0119bb73f151545":{"statistic":{"failed":0,"broken":0,"skipped":0,"passed":1,"unknown":0,"total":1},"items":[{"uid":"7ee0c3577d67795","reportUrl":"https://YuraLeshchuk.github.io/Pet_Pytest/builds/tests/41/index.html#testresult/7ee0c3577d67795","status":"passed","time":{"start":1769092508993,"stop":1769092509348,"duration":355}}]}}