{"uid":"ea40cc3fe878ce03","name":"test_01_register_user","fullName":"tests.ui.test_registration#test_01_register_user","historyId":"4fda522be82d41b74ce6233377c0a21e","time":{"start":1769092515981,"stop":1769092515981,"duration":0},"status":"broken","statusMessage":"selenium.common.exceptions.SessionNotCreatedException: Message: session not created: Chrome instance exited. Examine ChromeDriver verbose log to determine the cause.\nStacktrace:\n#0 0x55e8e7fff40a <unknown>\n#1 0x55e8e7a3376b <unknown>\n#2 0x55e8e7a6d88d <unknown>\n#3 0x55e8e7a69243 <unknown>\n#4 0x55e8e7ab8dcc <unknown>\n#5 0x55e8e7ab84ec <unknown>\n#6 0x55e8e7a777b2 <unknown>\n#7 0x55e8e7a78461 <unknown>\n#8 0x55e8e7fc7df9 <unknown>\n#9 0x55e8e7fcad5d <unknown>\n#10 0x55e8e7fb0b41 <unknown>\n#11 0x55e8e7fcb93b <unknown>\n#12 0x55e8e7f97870 <unknown>\n#13 0x55e8e7fec828 <unknown>\n#14 0x55e8e7fec9fc <unknown>\n#15 0x55e8e7ffe763 <unknown>\n#16 0x7f8d3e49caa4 <unknown>\n#17 0x7f8d3e529c6c <unknown>","statusTrace":"request = <SubRequest 'driver' for <Function test_01_register_user>>\n\n    @pytest.fixture(scope=\"function\")\n    def driver(request):\n        \"\"\"Ініціалізація Chrome WebDriver з логуванням.\"\"\"\n        options = Options()\n        if read_config.driver_mode() == \"true\":\n            options.add_argument(\"--headless\")\n        options.add_argument(\"--no-sandbox\")\n        options.add_argument(\"--no-sandbox\")\n        options.add_argument(\"--disable-dev-shm-usage\")\n        options.add_argument(\"--window-size=1920,1080\")\n    \n>       driver = webdriver.Chrome(options=options)\n\nconftest.py:66: \n_ _ _ _ _ _ _ _ _ _ _ _ _ _ _ _ _ _ _ _ _ _ _ _ _ _ _ _ _ _ _ _ _ _ _ _ _ _ _ _ \n/opt/hostedtoolcache/Python/3.12.12/x64/lib/python3.12/site-packages/selenium/webdriver/chrome/webdriver.py:45: in __init__\n    super().__init__(\n/opt/hostedtoolcache/Python/3.12.12/x64/lib/python3.12/site-packages/selenium/webdriver/chromium/webdriver.py:67: in __init__\n    super().__init__(command_executor=executor, options=options)\n/opt/hostedtoolcache/Python/3.12.12/x64/lib/python3.12/site-packages/selenium/webdriver/remote/webdriver.py:260: in __init__\n    self.start_session(capabilities)\n/opt/hostedtoolcache/Python/3.12.12/x64/lib/python3.12/site-packages/selenium/webdriver/remote/webdriver.py:357: in start_session\n    response = self.execute(Command.NEW_SESSION, caps)[\"value\"]\n/opt/hostedtoolcache/Python/3.12.12/x64/lib/python3.12/site-packages/selenium/webdriver/remote/webdriver.py:448: in execute\n    self.error_handler.check_response(response)\n_ _ _ _ _ _ _ _ _ _ _ _ _ _ _ _ _ _ _ _ _ _ _ _ _ _ _ _ _ _ _ _ _ _ _ _ _ _ _ _ \n\nself = <selenium.webdriver.remote.errorhandler.ErrorHandler object at 0x7f5e98449340>\nresponse = {'status': 500, 'value': '{\"value\":{\"error\":\"session not created\",\"message\":\"session not created: Chrome instance exit...\\\\n#15 0x55e8e7ffe763 \\\\u003Cunknown>\\\\n#16 0x7f8d3e49caa4 \\\\u003Cunknown>\\\\n#17 0x7f8d3e529c6c \\\\u003Cunknown>\\\\n\"}}'}\n\n    def check_response(self, response: Dict[str, Any]) -> None:\n        \"\"\"Checks that a JSON response from the WebDriver does not have an\n        error.\n    \n        :Args:\n         - response - The JSON response from the WebDriver server as a dictionary\n           object.\n    \n        :Raises: If the response contains an error message.\n        \"\"\"\n        status = response.get(\"status\", None)\n        if not status or status == ErrorCode.SUCCESS:\n            return\n        value = None\n        message = response.get(\"message\", \"\")\n        screen: str = response.get(\"screen\", \"\")\n        stacktrace = None\n        if isinstance(status, int):\n            value_json = response.get(\"value\", None)\n            if value_json and isinstance(value_json, str):\n                import json\n    \n                try:\n                    value = json.loads(value_json)\n                    if len(value) == 1:\n                        value = value[\"value\"]\n                    status = value.get(\"error\", None)\n                    if not status:\n                        status = value.get(\"status\", ErrorCode.UNKNOWN_ERROR)\n                        message = value.get(\"value\") or value.get(\"message\")\n                        if not isinstance(message, str):\n                            value = message\n                            message = message.get(\"message\")\n                    else:\n                        message = value.get(\"message\", None)\n                except ValueError:\n                    pass\n    \n        exception_class: Type[WebDriverException]\n        e = ErrorCode()\n        error_codes = [item for item in dir(e) if not item.startswith(\"__\")]\n        for error_code in error_codes:\n            error_info = getattr(ErrorCode, error_code)\n            if isinstance(error_info, list) and status in error_info:\n                exception_class = getattr(ExceptionMapping, error_code, WebDriverException)\n                break\n        else:\n            exception_class = WebDriverException\n    \n        if not value:\n            value = response[\"value\"]\n        if isinstance(value, str):\n            raise exception_class(value)\n        if message == \"\" and \"message\" in value:\n            message = value[\"message\"]\n    \n        screen = None  # type: ignore[assignment]\n        if \"screen\" in value:\n            screen = value[\"screen\"]\n    \n        stacktrace = None\n        st_value = value.get(\"stackTrace\") or value.get(\"stacktrace\")\n        if st_value:\n            if isinstance(st_value, str):\n                stacktrace = st_value.split(\"\\n\")\n            else:\n                stacktrace = []\n                try:\n                    for frame in st_value:\n                        line = frame.get(\"lineNumber\", \"\")\n                        file = frame.get(\"fileName\", \"<anonymous>\")\n                        if line:\n                            file = f\"{file}:{line}\"\n                        meth = frame.get(\"methodName\", \"<anonymous>\")\n                        if \"className\" in frame:\n                            meth = f\"{frame['className']}.{meth}\"\n                        msg = \"    at %s (%s)\"\n                        msg = msg % (meth, file)\n                        stacktrace.append(msg)\n                except TypeError:\n                    pass\n        if exception_class == UnexpectedAlertPresentException:\n            alert_text = None\n            if \"data\" in value:\n                alert_text = value[\"data\"].get(\"text\")\n            elif \"alert\" in value:\n                alert_text = value[\"alert\"].get(\"text\")\n            raise exception_class(message, screen, stacktrace, alert_text)  # type: ignore[call-arg]  # mypy is not smart enough here\n>       raise exception_class(message, screen, stacktrace)\nE       selenium.common.exceptions.SessionNotCreatedException: Message: session not created: Chrome instance exited. Examine ChromeDriver verbose log to determine the cause.\nE       Stacktrace:\nE       #0 0x55e8e7fff40a <unknown>\nE       #1 0x55e8e7a3376b <unknown>\nE       #2 0x55e8e7a6d88d <unknown>\nE       #3 0x55e8e7a69243 <unknown>\nE       #4 0x55e8e7ab8dcc <unknown>\nE       #5 0x55e8e7ab84ec <unknown>\nE       #6 0x55e8e7a777b2 <unknown>\nE       #7 0x55e8e7a78461 <unknown>\nE       #8 0x55e8e7fc7df9 <unknown>\nE       #9 0x55e8e7fcad5d <unknown>\nE       #10 0x55e8e7fb0b41 <unknown>\nE       #11 0x55e8e7fcb93b <unknown>\nE       #12 0x55e8e7f97870 <unknown>\nE       #13 0x55e8e7fec828 <unknown>\nE       #14 0x55e8e7fec9fc <unknown>\nE       #15 0x55e8e7ffe763 <unknown>\nE       #16 0x7f8d3e49caa4 <unknown>\nE       #17 0x7f8d3e529c6c <unknown>\n\n/opt/hostedtoolcache/Python/3.12.12/x64/lib/python3.12/site-packages/selenium/webdriver/remote/errorhandler.py:232: SessionNotCreatedException","flaky":false,"newFailed":false,"newBroken":false,"newPassed":false,"retriesCount":0,"retriesStatusChange":false,"beforeStages":[{"name":"_session_faker","time":{"start":1769092507629,"stop":1769092507630,"duration":1},"status":"passed","steps":[],"attachments":[],"parameters":[],"shouldDisplayMessage":false,"attachmentsCount":0,"stepsCount":0,"hasContent":false,"attachmentStep":false},{"name":"driver","time":{"start":1769092515981,"stop":1769092516157,"duration":176},"status":"broken","statusMessage":"selenium.common.exceptions.SessionNotCreatedException: Message: session not created: Chrome instance exited. Examine ChromeDriver verbose log to determine the cause.\nStacktrace:\n#0 0x55e8e7fff40a <unknown>\n#1 0x55e8e7a3376b <unknown>\n#2 0x55e8e7a6d88d <unknown>\n#3 0x55e8e7a69243 <unknown>\n#4 0x55e8e7ab8dcc <unknown>\n#5 0x55e8e7ab84ec <unknown>\n#6 0x55e8e7a777b2 <unknown>\n#7 0x55e8e7a78461 <unknown>\n#8 0x55e8e7fc7df9 <unknown>\n#9 0x55e8e7fcad5d <unknown>\n#10 0x55e8e7fb0b41 <unknown>\n#11 0x55e8e7fcb93b <unknown>\n#12 0x55e8e7f97870 <unknown>\n#13 0x55e8e7fec828 <unknown>\n#14 0x55e8e7fec9fc <unknown>\n#15 0x55e8e7ffe763 <unknown>\n#16 0x7f8d3e49caa4 <unknown>\n#17 0x7f8d3e529c6c <unknown>\n\n","statusTrace":"  File \"/opt/hostedtoolcache/Python/3.12.12/x64/lib/python3.12/site-packages/pluggy/_callers.py\", line 167, in _multicall\n    teardown.throw(outcome._exception)\n  File \"/opt/hostedtoolcache/Python/3.12.12/x64/lib/python3.12/site-packages/_pytest/setuponly.py\", line 36, in pytest_fixture_setup\n    return (yield)\n            ^^^^^\n  File \"/opt/hostedtoolcache/Python/3.12.12/x64/lib/python3.12/site-packages/pluggy/_callers.py\", line 103, in _multicall\n    res = hook_impl.function(*args)\n          ^^^^^^^^^^^^^^^^^^^^^^^^^\n  File \"/opt/hostedtoolcache/Python/3.12.12/x64/lib/python3.12/site-packages/_pytest/fixtures.py\", line 1140, in pytest_fixture_setup\n    result = call_fixture_func(fixturefunc, request, kwargs)\n             ^^^^^^^^^^^^^^^^^^^^^^^^^^^^^^^^^^^^^^^^^^^^^^^\n  File \"/opt/hostedtoolcache/Python/3.12.12/x64/lib/python3.12/site-packages/_pytest/fixtures.py\", line 891, in call_fixture_func\n    fixture_result = next(generator)\n                     ^^^^^^^^^^^^^^^\n  File \"/home/runner/work/Pet_Pytest/Pet_Pytest/conftest.py\", line 66, in driver\n    driver = webdriver.Chrome(options=options)\n             ^^^^^^^^^^^^^^^^^^^^^^^^^^^^^^^^^\n  File \"/opt/hostedtoolcache/Python/3.12.12/x64/lib/python3.12/site-packages/selenium/webdriver/chrome/webdriver.py\", line 45, in __init__\n    super().__init__(\n  File \"/opt/hostedtoolcache/Python/3.12.12/x64/lib/python3.12/site-packages/selenium/webdriver/chromium/webdriver.py\", line 67, in __init__\n    super().__init__(command_executor=executor, options=options)\n  File \"/opt/hostedtoolcache/Python/3.12.12/x64/lib/python3.12/site-packages/selenium/webdriver/remote/webdriver.py\", line 260, in __init__\n    self.start_session(capabilities)\n  File \"/opt/hostedtoolcache/Python/3.12.12/x64/lib/python3.12/site-packages/selenium/webdriver/remote/webdriver.py\", line 357, in start_session\n    response = self.execute(Command.NEW_SESSION, caps)[\"value\"]\n               ^^^^^^^^^^^^^^^^^^^^^^^^^^^^^^^^^^^^^^^\n  File \"/opt/hostedtoolcache/Python/3.12.12/x64/lib/python3.12/site-packages/selenium/webdriver/remote/webdriver.py\", line 448, in execute\n    self.error_handler.check_response(response)\n  File \"/opt/hostedtoolcache/Python/3.12.12/x64/lib/python3.12/site-packages/selenium/webdriver/remote/errorhandler.py\", line 232, in check_response\n    raise exception_class(message, screen, stacktrace)\n","steps":[],"attachments":[],"parameters":[],"shouldDisplayMessage":true,"attachmentsCount":0,"stepsCount":0,"hasContent":true,"attachmentStep":false}],"afterStages":[],"labels":[{"name":"parentSuite","value":"tests.ui"},{"name":"suite","value":"test_registration"},{"name":"host","value":"runnervmmtnos"},{"name":"thread","value":"2366-MainThread"},{"name":"framework","value":"pytest"},{"name":"language","value":"cpython3"},{"name":"package","value":"tests.ui.test_registration"},{"name":"resultFormat","value":"allure2"}],"parameters":[],"links":[],"hidden":false,"retry":false,"extra":{"severity":"normal","retries":[],"categories":[{"name":"Test defects","matchedStatuses":[],"flaky":false}],"tags":[]},"source":"ea40cc3fe878ce03.json","parameterValues":[]}