{"uid":"4b4757e66a1912dae1a509f688f20b0f","children":[{"name":"Test defects","children":[{"name":"FileNotFoundError: [Errno 2] No such file or directory: 'shared_variables.txt'","children":[{"name":"test_create_user","uid":"d259abe65261e907","parentUid":"5b0cd8a9b025195b4c80fdfad7b50818","status":"broken","time":{"start":1769091570598,"stop":1769091570976,"duration":378},"flaky":false,"newFailed":false,"newPassed":false,"newBroken":false,"retriesCount":0,"retriesStatusChange":false,"parameters":[],"tags":[]},{"name":"test_delete_user","uid":"5715f447a6909baf","parentUid":"5b0cd8a9b025195b4c80fdfad7b50818","status":"broken","time":{"start":1769091571986,"stop":1769091571987,"duration":1},"flaky":false,"newFailed":false,"newPassed":false,"newBroken":false,"retriesCount":0,"retriesStatusChange":false,"parameters":[],"tags":[]}],"uid":"5b0cd8a9b025195b4c80fdfad7b50818"},{"name":"selenium.common.exceptions.SessionNotCreatedException: Message: session not created: Chrome instance exited. Examine ChromeDriver verbose log to determine the cause.\nStacktrace:\n#0 0x55649487c40a <unknown>\n#1 0x5564942b076b <unknown>\n#2 0x5564942ea88d <unknown>\n#3 0x5564942e6243 <unknown>\n#4 0x556494335dcc <unknown>\n#5 0x5564943354ec <unknown>\n#6 0x5564942f47b2 <unknown>\n#7 0x5564942f5461 <unknown>\n#8 0x556494844df9 <unknown>\n#9 0x556494847d5d <unknown>\n#10 0x55649482db41 <unknown>\n#11 0x55649484893b <unknown>\n#12 0x556494814870 <unknown>\n#13 0x556494869828 <unknown>\n#14 0x5564948699fc <unknown>\n#15 0x55649487b763 <unknown>\n#16 0x7f51ab89caa4 <unknown>\n#17 0x7f51ab929c6c <unknown>","children":[{"name":"test_login","uid":"7ee2d1c159e79047","parentUid":"6f9e9ce96e478a9e8e590496a0f1697a","status":"broken","time":{"start":1769091571991,"stop":1769091571991,"duration":0},"flaky":false,"newFailed":false,"newPassed":false,"newBroken":false,"retriesCount":0,"retriesStatusChange":false,"parameters":[],"tags":[]}],"uid":"6f9e9ce96e478a9e8e590496a0f1697a"},{"name":"selenium.common.exceptions.SessionNotCreatedException: Message: session not created: Chrome instance exited. Examine ChromeDriver verbose log to determine the cause.\nStacktrace:\n#0 0x5597d975640a <unknown>\n#1 0x5597d918a76b <unknown>\n#2 0x5597d91c488d <unknown>\n#3 0x5597d91c0243 <unknown>\n#4 0x5597d920fdcc <unknown>\n#5 0x5597d920f4ec <unknown>\n#6 0x5597d91ce7b2 <unknown>\n#7 0x5597d91cf461 <unknown>\n#8 0x5597d971edf9 <unknown>\n#9 0x5597d9721d5d <unknown>\n#10 0x5597d9707b41 <unknown>\n#11 0x5597d972293b <unknown>\n#12 0x5597d96ee870 <unknown>\n#13 0x5597d9743828 <unknown>\n#14 0x5597d97439fc <unknown>\n#15 0x5597d9755763 <unknown>\n#16 0x7ff73249caa4 <unknown>\n#17 0x7ff732529c6c <unknown>","children":[{"name":"test_01_register_user","uid":"5475783d53a71a3c","parentUid":"47ba703b9a5790c3f95812c853ed5db6","status":"broken","time":{"start":1769091576043,"stop":1769091576043,"duration":0},"flaky":false,"newFailed":false,"newPassed":false,"newBroken":false,"retriesCount":0,"retriesStatusChange":false,"parameters":[],"tags":[]}],"uid":"47ba703b9a5790c3f95812c853ed5db6"}],"uid":"bdbf199525818fae7a8651db9eafe741"}],"name":"categories"}