{"uid":"4b4757e66a1912dae1a509f688f20b0f","children":[{"name":"Product defects","children":[{"name":"AssertionError: assert 406 == 201\n +  where 406 = <Response [406]>.status_code","children":[{"name":"test_create_user","uid":"44aa992622ceb57c","parentUid":"fc67a5aaa511655756ad53f0c1e6a5ca","status":"failed","time":{"start":1768404085892,"stop":1768404086527,"duration":635},"flaky":false,"newFailed":false,"newPassed":false,"newBroken":false,"retriesCount":0,"retriesStatusChange":false,"parameters":[],"tags":[]}],"uid":"fc67a5aaa511655756ad53f0c1e6a5ca"}],"uid":"8fb3a91ba5aaf9de24cc8a92edc82b5d"},{"name":"Test defects","children":[{"name":"FileNotFoundError: [Errno 2] No such file or directory: 'shared_variables.txt'","children":[{"name":"test_delete_user","uid":"ed13bfc2e2a36459","parentUid":"5b0cd8a9b025195b4c80fdfad7b50818","status":"broken","time":{"start":1768404088097,"stop":1768404088097,"duration":0},"flaky":false,"newFailed":false,"newPassed":false,"newBroken":false,"retriesCount":0,"retriesStatusChange":false,"parameters":[],"tags":[]}],"uid":"5b0cd8a9b025195b4c80fdfad7b50818"},{"name":"selenium.common.exceptions.WebDriverException: Message: unknown error: JavaScript code failed\nfrom unknown command: 'Runtime.evaluate' wasn't found\n  (Session info: chrome=143.0.7499.169)\nStacktrace:\n#0 0x559cf898c40a <unknown>\n#1 0x559cf83c076b <unknown>\n#2 0x559cf83a7c2b <unknown>\n#3 0x559cf83a656a <unknown>\n#4 0x559cf83a6cbf <unknown>\n#5 0x559cf83d4821 <unknown>\n#6 0x559cf83c96c1 <unknown>\n#7 0x559cf83c95cb <unknown>\n#8 0x559cf8398b22 <unknown>\n#9 0x559cf8397035 <unknown>\n#10 0x559cf8471f02 <unknown>\n#11 0x559cf845d760 <unknown>\n#12 0x559cf84047b2 <unknown>\n#13 0x559cf8405461 <unknown>\n#14 0x559cf8954df9 <unknown>\n#15 0x559cf8957d5d <unknown>\n#16 0x559cf893db41 <unknown>\n#17 0x559cf895893b <unknown>\n#18 0x559cf8924870 <unknown>\n#19 0x559cf8979828 <unknown>\n#20 0x559cf89799fc <unknown>\n#21 0x559cf898b763 <unknown>\n#22 0x7f53d089caa4 <unknown>\n#23 0x7f53d0929c6c <unknown>","children":[{"name":"test_01_create_user","uid":"277646a8a2368154","parentUid":"bd3cf034d27de242e62cc4373e7b9099","status":"broken","time":{"start":1768404088102,"stop":1768404088102,"duration":0},"flaky":false,"newFailed":false,"newPassed":false,"newBroken":false,"retriesCount":0,"retriesStatusChange":false,"parameters":[],"tags":[]}],"uid":"bd3cf034d27de242e62cc4373e7b9099"},{"name":"selenium.common.exceptions.WebDriverException: Message: unknown error: JavaScript code failed\nfrom unknown command: 'Runtime.evaluate' wasn't found\n  (Session info: chrome=143.0.7499.169)\nStacktrace:\n#0 0x56285b74340a <unknown>\n#1 0x56285b17776b <unknown>\n#2 0x56285b15ec2b <unknown>\n#3 0x56285b15d56a <unknown>\n#4 0x56285b15dcbf <unknown>\n#5 0x56285b18b821 <unknown>\n#6 0x56285b1806c1 <unknown>\n#7 0x56285b1805cb <unknown>\n#8 0x56285b14fb22 <unknown>\n#9 0x56285b14e035 <unknown>\n#10 0x56285b228f02 <unknown>\n#11 0x56285b214760 <unknown>\n#12 0x56285b1bb7b2 <unknown>\n#13 0x56285b1bc461 <unknown>\n#14 0x56285b70bdf9 <unknown>\n#15 0x56285b70ed5d <unknown>\n#16 0x56285b6f4b41 <unknown>\n#17 0x56285b70f93b <unknown>\n#18 0x56285b6db870 <unknown>\n#19 0x56285b730828 <unknown>\n#20 0x56285b7309fc <unknown>\n#21 0x56285b742763 <unknown>\n#22 0x7fe72f49caa4 <unknown>\n#23 0x7fe72f529c6c <unknown>","children":[{"name":"test_1","uid":"c3d13e1aba40be2d","parentUid":"024245636b6c7c5b6d3b85fe93f57fd7","status":"broken","time":{"start":1768404108313,"stop":1768404108313,"duration":0},"flaky":false,"newFailed":false,"newPassed":false,"newBroken":false,"retriesCount":0,"retriesStatusChange":false,"parameters":[],"tags":[]}],"uid":"024245636b6c7c5b6d3b85fe93f57fd7"}],"uid":"bdbf199525818fae7a8651db9eafe741"}],"name":"categories"}