{"399851b09e6660d81879d371904f5cda":{"statistic":{"failed":0,"broken":1,"skipped":0,"passed":0,"unknown":0,"total":1},"items":[{"uid":"887f67bdef96b380","reportUrl":"https://YuraLeshchuk.github.io/Pet_Pytest/builds/tests/29/index.html#testresult/887f67bdef96b380","status":"broken","statusDetails":"selenium.common.exceptions.WebDriverException: Message: unknown error: JavaScript code failed\nfrom unknown command: 'Runtime.evaluate' wasn't found\n  (Session info: chrome=143.0.7499.169)\nStacktrace:\n#0 0x55bb051f640a <unknown>\n#1 0x55bb04c2a76b <unknown>\n#2 0x55bb04c11c2b <unknown>\n#3 0x55bb04c1056a <unknown>\n#4 0x55bb04c10cbf <unknown>\n#5 0x55bb04c3e821 <unknown>\n#6 0x55bb04c336c1 <unknown>\n#7 0x55bb04c335cb <unknown>\n#8 0x55bb04c02b22 <unknown>\n#9 0x55bb04c01035 <unknown>\n#10 0x55bb04cdbf02 <unknown>\n#11 0x55bb04cc7760 <unknown>\n#12 0x55bb04c6e7b2 <unknown>\n#13 0x55bb04c6f461 <unknown>\n#14 0x55bb051bedf9 <unknown>\n#15 0x55bb051c1d5d <unknown>\n#16 0x55bb051a7b41 <unknown>\n#17 0x55bb051c293b <unknown>\n#18 0x55bb0518e870 <unknown>\n#19 0x55bb051e3828 <unknown>\n#20 0x55bb051e39fc <unknown>\n#21 0x55bb051f5763 <unknown>\n#22 0x7f91d209caa4 <unknown>\n#23 0x7f91d2129c6c <unknown>","time":{"start":1768403158531,"stop":1768403158531,"duration":0}}]},"34a9c6a7b35e17de6e644f6a61d448f1":{"statistic":{"failed":0,"broken":1,"skipped":0,"passed":0,"unknown":0,"total":1},"items":[{"uid":"7ec3e1a08a0c4f7b","reportUrl":"https://YuraLeshchuk.github.io/Pet_Pytest/builds/tests/29/index.html#testresult/7ec3e1a08a0c4f7b","status":"broken","statusDetails":"FileNotFoundError: [Errno 2] No such file or directory: 'shared_variables.txt'","time":{"start":1768403130641,"stop":1768403130642,"duration":1}}]},"606becc1a0f95557fff72db2833850d0":{"statistic":{"failed":1,"broken":0,"skipped":0,"passed":0,"unknown":0,"total":1},"items":[{"uid":"5554758aec4284b9","reportUrl":"https://YuraLeshchuk.github.io/Pet_Pytest/builds/tests/29/index.html#testresult/5554758aec4284b9","status":"failed","statusDetails":"AssertionError: assert 406 == 201\n +  where 406 = <Response [406]>.status_code","time":{"start":1768403129212,"stop":1768403129707,"duration":495}}]},"64dd3b8250d9136fa068499eea67da0e":{"statistic":{"failed":0,"broken":1,"skipped":0,"passed":0,"unknown":0,"total":1},"items":[{"uid":"1582be1e01f3db08","reportUrl":"https://YuraLeshchuk.github.io/Pet_Pytest/builds/tests/29/index.html#testresult/1582be1e01f3db08","status":"broken","statusDetails":"selenium.common.exceptions.WebDriverException: Message: unknown error: JavaScript code failed\nfrom unknown command: 'Runtime.evaluate' wasn't found\n  (Session info: chrome=143.0.7499.169)\nStacktrace:\n#0 0x55fa9e64440a <unknown>\n#1 0x55fa9e07876b <unknown>\n#2 0x55fa9e05fc2b <unknown>\n#3 0x55fa9e05e56a <unknown>\n#4 0x55fa9e05ecbf <unknown>\n#5 0x55fa9e08c821 <unknown>\n#6 0x55fa9e0816c1 <unknown>\n#7 0x55fa9e0815cb <unknown>\n#8 0x55fa9e050b22 <unknown>\n#9 0x55fa9e04f035 <unknown>\n#10 0x55fa9e129f02 <unknown>\n#11 0x55fa9e115760 <unknown>\n#12 0x55fa9e0bc7b2 <unknown>\n#13 0x55fa9e0bd461 <unknown>\n#14 0x55fa9e60cdf9 <unknown>\n#15 0x55fa9e60fd5d <unknown>\n#16 0x55fa9e5f5b41 <unknown>\n#17 0x55fa9e61093b <unknown>\n#18 0x55fa9e5dc870 <unknown>\n#19 0x55fa9e631828 <unknown>\n#20 0x55fa9e6319fc <unknown>\n#21 0x55fa9e643763 <unknown>\n#22 0x7fb201e9caa4 <unknown>\n#23 0x7fb201f29c6c <unknown>","time":{"start":1768403130646,"stop":1768403130646,"duration":0}}]}}