{"uid":"4b4757e66a1912dae1a509f688f20b0f","children":[{"name":"Product defects","children":[{"name":"AssertionError: assert 406 == 201\n +  where 406 = <Response [406]>.status_code","children":[{"name":"test_create_user","uid":"ea5c8382013bffb8","parentUid":"fc67a5aaa511655756ad53f0c1e6a5ca","status":"failed","time":{"start":1768831383842,"stop":1768831384210,"duration":368},"flaky":false,"newFailed":false,"newPassed":false,"newBroken":false,"retriesCount":0,"retriesStatusChange":false,"parameters":[],"tags":[]}],"uid":"fc67a5aaa511655756ad53f0c1e6a5ca"}],"uid":"8fb3a91ba5aaf9de24cc8a92edc82b5d"},{"name":"Test defects","children":[{"name":"FileNotFoundError: [Errno 2] No such file or directory: 'shared_variables.txt'","children":[{"name":"test_delete_user","uid":"b2b3d2474f94ac8b","parentUid":"5b0cd8a9b025195b4c80fdfad7b50818","status":"broken","time":{"start":1768831385247,"stop":1768831385248,"duration":1},"flaky":false,"newFailed":false,"newPassed":false,"newBroken":false,"retriesCount":0,"retriesStatusChange":false,"parameters":[],"tags":[]}],"uid":"5b0cd8a9b025195b4c80fdfad7b50818"},{"name":"selenium.common.exceptions.WebDriverException: Message: unknown error: JavaScript code failed\nfrom unknown command: 'Runtime.evaluate' wasn't found\n  (Session info: chrome=143.0.7499.192)\nStacktrace:\n#0 0x55bb0d39f40a <unknown>\n#1 0x55bb0cdd376b <unknown>\n#2 0x55bb0cdbac2b <unknown>\n#3 0x55bb0cdb956a <unknown>\n#4 0x55bb0cdb9cbf <unknown>\n#5 0x55bb0cde7821 <unknown>\n#6 0x55bb0cddc6c1 <unknown>\n#7 0x55bb0cddc5cb <unknown>\n#8 0x55bb0cdabb22 <unknown>\n#9 0x55bb0cdaa035 <unknown>\n#10 0x55bb0ce84f02 <unknown>\n#11 0x55bb0ce70760 <unknown>\n#12 0x55bb0ce177b2 <unknown>\n#13 0x55bb0ce18461 <unknown>\n#14 0x55bb0d367df9 <unknown>\n#15 0x55bb0d36ad5d <unknown>\n#16 0x55bb0d350b41 <unknown>\n#17 0x55bb0d36b93b <unknown>\n#18 0x55bb0d337870 <unknown>\n#19 0x55bb0d38c828 <unknown>\n#20 0x55bb0d38c9fc <unknown>\n#21 0x55bb0d39e763 <unknown>\n#22 0x7fda9d69caa4 <unknown>\n#23 0x7fda9d729c6c <unknown>","children":[{"name":"test_01_create_user","uid":"607e91f158c48e8d","parentUid":"b359d315101d40780a6f833ff5d17194","status":"broken","time":{"start":1768831385252,"stop":1768831385252,"duration":0},"flaky":false,"newFailed":false,"newPassed":false,"newBroken":false,"retriesCount":0,"retriesStatusChange":false,"parameters":[],"tags":[]}],"uid":"b359d315101d40780a6f833ff5d17194"},{"name":"selenium.common.exceptions.WebDriverException: Message: unknown error: JavaScript code failed\nfrom unknown command: 'Runtime.evaluate' wasn't found\n  (Session info: chrome=143.0.7499.192)\nStacktrace:\n#0 0x55ed15e4340a <unknown>\n#1 0x55ed1587776b <unknown>\n#2 0x55ed1585ec2b <unknown>\n#3 0x55ed1585d56a <unknown>\n#4 0x55ed1585dcbf <unknown>\n#5 0x55ed1588b821 <unknown>\n#6 0x55ed158806c1 <unknown>\n#7 0x55ed158805cb <unknown>\n#8 0x55ed1584fb22 <unknown>\n#9 0x55ed1584e035 <unknown>\n#10 0x55ed15928f02 <unknown>\n#11 0x55ed15914760 <unknown>\n#12 0x55ed158bb7b2 <unknown>\n#13 0x55ed158bc461 <unknown>\n#14 0x55ed15e0bdf9 <unknown>\n#15 0x55ed15e0ed5d <unknown>\n#16 0x55ed15df4b41 <unknown>\n#17 0x55ed15e0f93b <unknown>\n#18 0x55ed15ddb870 <unknown>\n#19 0x55ed15e30828 <unknown>\n#20 0x55ed15e309fc <unknown>\n#21 0x55ed15e42763 <unknown>\n#22 0x7f21f969caa4 <unknown>\n#23 0x7f21f9729c6c <unknown>","children":[{"name":"test_login","uid":"e7fef1205a60bf22","parentUid":"d9e27740055349310306a3739f4cb08d","status":"broken","time":{"start":1768831395415,"stop":1768831395415,"duration":0},"flaky":false,"newFailed":false,"newPassed":false,"newBroken":false,"retriesCount":0,"retriesStatusChange":false,"parameters":[],"tags":[]}],"uid":"d9e27740055349310306a3739f4cb08d"}],"uid":"bdbf199525818fae7a8651db9eafe741"}],"name":"categories"}