{"uid":"968e563087a8f82b","name":"test_login","fullName":"tests.ui.test_login#test_login","historyId":"5a0a7ce384a2228b6ffc6ed23582f115","time":{"start":1769092284950,"stop":1769092284950,"duration":0},"status":"failed","statusMessage":"AssertionError: previous item was not torn down properly","statusTrace":"cls = <class '_pytest.runner.CallInfo'>\nfunc = <function call_and_report.<locals>.<lambda> at 0x7f086be66160>\nwhen = 'setup'\nreraise = (<class '_pytest.outcomes.Exit'>, <class 'KeyboardInterrupt'>)\n\n    @classmethod\n    def from_call(\n        cls,\n        func: Callable[[], TResult],\n        when: Literal[\"collect\", \"setup\", \"call\", \"teardown\"],\n        reraise: type[BaseException] | tuple[type[BaseException], ...] | None = None,\n    ) -> CallInfo[TResult]:\n        \"\"\"Call func, wrapping the result in a CallInfo.\n    \n        :param func:\n            The function to call. Called without arguments.\n        :type func: Callable[[], _pytest.runner.TResult]\n        :param when:\n            The phase in which the function is called.\n        :param reraise:\n            Exception or exceptions that shall propagate if raised by the\n            function, instead of being wrapped in the CallInfo.\n        \"\"\"\n        excinfo = None\n        start = timing.time()\n        precise_start = timing.perf_counter()\n        try:\n>           result: TResult | None = func()\n\n/opt/hostedtoolcache/Python/3.12.12/x64/lib/python3.12/site-packages/_pytest/runner.py:341: \n_ _ _ _ _ _ _ _ _ _ _ _ _ _ _ _ _ _ _ _ _ _ _ _ _ _ _ _ _ _ _ _ _ _ _ _ _ _ _ _ \n/opt/hostedtoolcache/Python/3.12.12/x64/lib/python3.12/site-packages/_pytest/runner.py:242: in <lambda>\n    lambda: runtest_hook(item=item, **kwds), when=when, reraise=reraise\n/opt/hostedtoolcache/Python/3.12.12/x64/lib/python3.12/site-packages/pluggy/_hooks.py:513: in __call__\n    return self._hookexec(self.name, self._hookimpls.copy(), kwargs, firstresult)\n/opt/hostedtoolcache/Python/3.12.12/x64/lib/python3.12/site-packages/pluggy/_manager.py:120: in _hookexec\n    return self._inner_hookexec(hook_name, methods, kwargs, firstresult)\n/opt/hostedtoolcache/Python/3.12.12/x64/lib/python3.12/site-packages/_pytest/unraisableexception.py:90: in pytest_runtest_setup\n    yield from unraisable_exception_runtest_hook()\n/opt/hostedtoolcache/Python/3.12.12/x64/lib/python3.12/site-packages/_pytest/unraisableexception.py:70: in unraisable_exception_runtest_hook\n    yield\n/opt/hostedtoolcache/Python/3.12.12/x64/lib/python3.12/site-packages/_pytest/logging.py:840: in pytest_runtest_setup\n    yield from self._runtest_for(item, \"setup\")\n/opt/hostedtoolcache/Python/3.12.12/x64/lib/python3.12/site-packages/_pytest/logging.py:829: in _runtest_for\n    yield\n/opt/hostedtoolcache/Python/3.12.12/x64/lib/python3.12/site-packages/_pytest/capture.py:893: in pytest_runtest_setup\n    return (yield)\n/opt/hostedtoolcache/Python/3.12.12/x64/lib/python3.12/site-packages/_pytest/threadexception.py:87: in pytest_runtest_setup\n    yield from thread_exception_runtest_hook()\n/opt/hostedtoolcache/Python/3.12.12/x64/lib/python3.12/site-packages/_pytest/threadexception.py:68: in thread_exception_runtest_hook\n    yield\n/opt/hostedtoolcache/Python/3.12.12/x64/lib/python3.12/site-packages/_pytest/runner.py:160: in pytest_runtest_setup\n    item.session._setupstate.setup(item)\n_ _ _ _ _ _ _ _ _ _ _ _ _ _ _ _ _ _ _ _ _ _ _ _ _ _ _ _ _ _ _ _ _ _ _ _ _ _ _ _ \n\nself = <_pytest.runner.SetupState object at 0x7f086dab8f20>\nitem = <Function test_login>\n\n    def setup(self, item: Item) -> None:\n        \"\"\"Setup objects along the collector chain to the item.\"\"\"\n        needed_collectors = item.listchain()\n    \n        # If a collector fails its setup, fail its entire subtree of items.\n        # The setup is not retried for each item - the same exception is used.\n        for col, (finalizers, exc) in self.stack.items():\n>           assert col in needed_collectors, \"previous item was not torn down properly\"\nE           AssertionError: previous item was not torn down properly\n\n/opt/hostedtoolcache/Python/3.12.12/x64/lib/python3.12/site-packages/_pytest/runner.py:505: AssertionError","flaky":false,"newFailed":false,"newBroken":false,"newPassed":false,"retriesCount":0,"retriesStatusChange":false,"beforeStages":[{"name":"_session_faker","time":{"start":1769092283082,"stop":1769092283083,"duration":1},"status":"passed","steps":[],"attachments":[],"parameters":[],"shouldDisplayMessage":false,"attachmentsCount":0,"stepsCount":0,"hasContent":false,"attachmentStep":false}],"afterStages":[],"labels":[{"name":"parentSuite","value":"tests.ui"},{"name":"suite","value":"test_login"},{"name":"host","value":"runnervmmtnos"},{"name":"thread","value":"2381-MainThread"},{"name":"framework","value":"pytest"},{"name":"language","value":"cpython3"},{"name":"package","value":"tests.ui.test_login"},{"name":"resultFormat","value":"allure2"}],"parameters":[],"links":[],"hidden":false,"retry":false,"extra":{"severity":"normal","retries":[],"categories":[{"name":"Product defects","matchedStatuses":[],"flaky":false}],"tags":[]},"source":"968e563087a8f82b.json","parameterValues":[]}