{"uid":"4b4757e66a1912dae1a509f688f20b0f","children":[{"name":"Product defects","children":[{"name":"AssertionError: assert 406 == 201\n +  where 406 = <Response [406]>.status_code","children":[{"name":"test_create_user","uid":"7d521397e3cc5776","parentUid":"fc67a5aaa511655756ad53f0c1e6a5ca","status":"failed","time":{"start":1769092510399,"stop":1769092510606,"duration":207},"flaky":false,"newFailed":false,"newPassed":false,"newBroken":false,"retriesCount":0,"retriesStatusChange":false,"parameters":[],"tags":[]}],"uid":"fc67a5aaa511655756ad53f0c1e6a5ca"}],"uid":"8fb3a91ba5aaf9de24cc8a92edc82b5d"},{"name":"Test defects","children":[{"name":"FileNotFoundError: [Errno 2] No such file or directory: 'shared_variables.txt'","children":[{"name":"test_delete_user","uid":"20efe9be4fe57820","parentUid":"5b0cd8a9b025195b4c80fdfad7b50818","status":"broken","time":{"start":1769092511727,"stop":1769092511727,"duration":0},"flaky":false,"newFailed":false,"newPassed":false,"newBroken":false,"retriesCount":0,"retriesStatusChange":false,"parameters":[],"tags":[]}],"uid":"5b0cd8a9b025195b4c80fdfad7b50818"},{"name":"selenium.common.exceptions.SessionNotCreatedException: Message: session not created: Chrome instance exited. Examine ChromeDriver verbose log to determine the cause.\nStacktrace:\n#0 0x55d7b1fdf40a <unknown>\n#1 0x55d7b1a1376b <unknown>\n#2 0x55d7b1a4d88d <unknown>\n#3 0x55d7b1a49243 <unknown>\n#4 0x55d7b1a98dcc <unknown>\n#5 0x55d7b1a984ec <unknown>\n#6 0x55d7b1a577b2 <unknown>\n#7 0x55d7b1a58461 <unknown>\n#8 0x55d7b1fa7df9 <unknown>\n#9 0x55d7b1faad5d <unknown>\n#10 0x55d7b1f90b41 <unknown>\n#11 0x55d7b1fab93b <unknown>\n#12 0x55d7b1f77870 <unknown>\n#13 0x55d7b1fcc828 <unknown>\n#14 0x55d7b1fcc9fc <unknown>\n#15 0x55d7b1fde763 <unknown>\n#16 0x7fb17969caa4 <unknown>\n#17 0x7fb179729c6c <unknown>","children":[{"name":"test_login","uid":"d67333fdbec4284a","parentUid":"c7fc730b6bee889606421d297ce8c2f1","status":"broken","time":{"start":1769092511731,"stop":1769092511731,"duration":0},"flaky":false,"newFailed":false,"newPassed":false,"newBroken":false,"retriesCount":0,"retriesStatusChange":false,"parameters":[],"tags":[]}],"uid":"c7fc730b6bee889606421d297ce8c2f1"},{"name":"selenium.common.exceptions.SessionNotCreatedException: Message: session not created: Chrome instance exited. Examine ChromeDriver verbose log to determine the cause.\nStacktrace:\n#0 0x55e8e7fff40a <unknown>\n#1 0x55e8e7a3376b <unknown>\n#2 0x55e8e7a6d88d <unknown>\n#3 0x55e8e7a69243 <unknown>\n#4 0x55e8e7ab8dcc <unknown>\n#5 0x55e8e7ab84ec <unknown>\n#6 0x55e8e7a777b2 <unknown>\n#7 0x55e8e7a78461 <unknown>\n#8 0x55e8e7fc7df9 <unknown>\n#9 0x55e8e7fcad5d <unknown>\n#10 0x55e8e7fb0b41 <unknown>\n#11 0x55e8e7fcb93b <unknown>\n#12 0x55e8e7f97870 <unknown>\n#13 0x55e8e7fec828 <unknown>\n#14 0x55e8e7fec9fc <unknown>\n#15 0x55e8e7ffe763 <unknown>\n#16 0x7f8d3e49caa4 <unknown>\n#17 0x7f8d3e529c6c <unknown>","children":[{"name":"test_01_register_user","uid":"ea40cc3fe878ce03","parentUid":"d55d3f180de068ff8c12cbb464763ded","status":"broken","time":{"start":1769092515981,"stop":1769092515981,"duration":0},"flaky":false,"newFailed":false,"newPassed":false,"newBroken":false,"retriesCount":0,"retriesStatusChange":false,"parameters":[],"tags":[]}],"uid":"d55d3f180de068ff8c12cbb464763ded"}],"uid":"bdbf199525818fae7a8651db9eafe741"}],"name":"categories"}