{"4fda522be82d41b74ce6233377c0a21e":{"statistic":{"failed":0,"broken":1,"skipped":0,"passed":0,"unknown":0,"total":1},"items":[{"uid":"5475783d53a71a3c","reportUrl":"https://YuraLeshchuk.github.io/Pet_Pytest/builds/tests/38/index.html#testresult/5475783d53a71a3c","status":"broken","statusDetails":"selenium.common.exceptions.SessionNotCreatedException: Message: session not created: Chrome instance exited. Examine ChromeDriver verbose log to determine the cause.\nStacktrace:\n#0 0x5597d975640a <unknown>\n#1 0x5597d918a76b <unknown>\n#2 0x5597d91c488d <unknown>\n#3 0x5597d91c0243 <unknown>\n#4 0x5597d920fdcc <unknown>\n#5 0x5597d920f4ec <unknown>\n#6 0x5597d91ce7b2 <unknown>\n#7 0x5597d91cf461 <unknown>\n#8 0x5597d971edf9 <unknown>\n#9 0x5597d9721d5d <unknown>\n#10 0x5597d9707b41 <unknown>\n#11 0x5597d972293b <unknown>\n#12 0x5597d96ee870 <unknown>\n#13 0x5597d9743828 <unknown>\n#14 0x5597d97439fc <unknown>\n#15 0x5597d9755763 <unknown>\n#16 0x7ff73249caa4 <unknown>\n#17 0x7ff732529c6c <unknown>","time":{"start":1769091576043,"stop":1769091576043,"duration":0}}]},"550c41b3f2266411e44e06bb9bb1c1bb":{"statistic":{"failed":0,"broken":1,"skipped":0,"passed":0,"unknown":0,"total":1},"items":[{"uid":"5715f447a6909baf","reportUrl":"https://YuraLeshchuk.github.io/Pet_Pytest/builds/tests/38/index.html#testresult/5715f447a6909baf","status":"broken","statusDetails":"FileNotFoundError: [Errno 2] No such file or directory: 'shared_variables.txt'","time":{"start":1769091571986,"stop":1769091571987,"duration":1}}]},"5a0a7ce384a2228b6ffc6ed23582f115":{"statistic":{"failed":0,"broken":1,"skipped":0,"passed":0,"unknown":0,"total":1},"items":[{"uid":"7ee2d1c159e79047","reportUrl":"https://YuraLeshchuk.github.io/Pet_Pytest/builds/tests/38/index.html#testresult/7ee2d1c159e79047","status":"broken","statusDetails":"selenium.common.exceptions.SessionNotCreatedException: Message: session not created: Chrome instance exited. Examine ChromeDriver verbose log to determine the cause.\nStacktrace:\n#0 0x55649487c40a <unknown>\n#1 0x5564942b076b <unknown>\n#2 0x5564942ea88d <unknown>\n#3 0x5564942e6243 <unknown>\n#4 0x556494335dcc <unknown>\n#5 0x5564943354ec <unknown>\n#6 0x5564942f47b2 <unknown>\n#7 0x5564942f5461 <unknown>\n#8 0x556494844df9 <unknown>\n#9 0x556494847d5d <unknown>\n#10 0x55649482db41 <unknown>\n#11 0x55649484893b <unknown>\n#12 0x556494814870 <unknown>\n#13 0x556494869828 <unknown>\n#14 0x5564948699fc <unknown>\n#15 0x55649487b763 <unknown>\n#16 0x7f51ab89caa4 <unknown>\n#17 0x7f51ab929c6c <unknown>","time":{"start":1769091571991,"stop":1769091571991,"duration":0}}]},"bfb4b2551a4d58dcf87923094ce189f4":{"statistic":{"failed":0,"broken":1,"skipped":0,"passed":0,"unknown":0,"total":1},"items":[{"uid":"d259abe65261e907","reportUrl":"https://YuraLeshchuk.github.io/Pet_Pytest/builds/tests/38/index.html#testresult/d259abe65261e907","status":"broken","statusDetails":"FileNotFoundError: [Errno 2] No such file or directory: 'shared_variables.txt'","time":{"start":1769091570598,"stop":1769091570976,"duration":378}}]},"c245afe09ace0ef9c0119bb73f151545":{"statistic":{"failed":0,"broken":0,"skipped":0,"passed":1,"unknown":0,"total":1},"items":[{"uid":"2fcb2ce90ce2086f","reportUrl":"https://YuraLeshchuk.github.io/Pet_Pytest/builds/tests/38/index.html#testresult/2fcb2ce90ce2086f","status":"passed","time":{"start":1769091568887,"stop":1769091569309,"duration":422}}]}}