{"399851b09e6660d81879d371904f5cda":{"statistic":{"failed":0,"broken":1,"skipped":0,"passed":0,"unknown":0,"total":1},"items":[{"uid":"3dd2a33a402df8d6","reportUrl":"https://YuraLeshchuk.github.io/Pet_Pytest/builds/tests/32/index.html#testresult/3dd2a33a402df8d6","status":"broken","statusDetails":"selenium.common.exceptions.WebDriverException: Message: unknown error: JavaScript code failed\nfrom unknown command: 'Runtime.evaluate' wasn't found\n  (Session info: chrome=143.0.7499.169)\nStacktrace:\n#0 0x55e73e02b61a <unknown>\n#1 0x55e73daa820b <unknown>\n#2 0x55e73da8f6cb <unknown>\n#3 0x55e73da8e00a <unknown>\n#4 0x55e73da8e75f <unknown>\n#5 0x55e73dabc2c1 <unknown>\n#6 0x55e73dab1161 <unknown>\n#7 0x55e73dab106b <unknown>\n#8 0x55e73da805c9 <unknown>\n#9 0x55e73da7ead5 <unknown>\n#10 0x55e73db599b2 <unknown>\n#11 0x55e73db4520e <unknown>\n#12 0x55e73daec232 <unknown>\n#13 0x55e73daecee1 <unknown>\n#14 0x55e73dff43f9 <unknown>\n#15 0x55e73dff734d <unknown>\n#16 0x55e73dfdd122 <unknown>\n#17 0x55e73dff7f2b <unknown>\n#18 0x55e73dfc3c30 <unknown>\n#19 0x55e73e018d78 <unknown>\n#20 0x55e73e018f4c <unknown>\n#21 0x55e73e02a973 <unknown>\n#22 0x7fae3f69caa4 <unknown>\n#23 0x7fae3f729c6c <unknown>","time":{"start":1768404507706,"stop":1768404507706,"duration":0}}]},"34a9c6a7b35e17de6e644f6a61d448f1":{"statistic":{"failed":0,"broken":1,"skipped":0,"passed":0,"unknown":0,"total":1},"items":[{"uid":"f74980901bbffe90","reportUrl":"https://YuraLeshchuk.github.io/Pet_Pytest/builds/tests/32/index.html#testresult/f74980901bbffe90","status":"broken","statusDetails":"FileNotFoundError: [Errno 2] No such file or directory: 'shared_variables.txt'","time":{"start":1768404493132,"stop":1768404493132,"duration":0}}]},"606becc1a0f95557fff72db2833850d0":{"statistic":{"failed":1,"broken":0,"skipped":0,"passed":0,"unknown":0,"total":1},"items":[{"uid":"428f9ebe1ceac4db","reportUrl":"https://YuraLeshchuk.github.io/Pet_Pytest/builds/tests/32/index.html#testresult/428f9ebe1ceac4db","status":"failed","statusDetails":"AssertionError: assert 406 == 201\n +  where 406 = <Response [406]>.status_code","time":{"start":1768404491709,"stop":1768404492129,"duration":420}}]},"64dd3b8250d9136fa068499eea67da0e":{"statistic":{"failed":0,"broken":1,"skipped":0,"passed":0,"unknown":0,"total":1},"items":[{"uid":"2956a539fa06c610","reportUrl":"https://YuraLeshchuk.github.io/Pet_Pytest/builds/tests/32/index.html#testresult/2956a539fa06c610","status":"broken","statusDetails":"selenium.common.exceptions.WebDriverException: Message: unknown error: JavaScript code failed\nfrom unknown command: 'Runtime.evaluate' wasn't found\n  (Session info: chrome=143.0.7499.169)\nStacktrace:\n#0 0x55820053f61a <unknown>\n#1 0x5581fffbc20b <unknown>\n#2 0x5581fffa36cb <unknown>\n#3 0x5581fffa200a <unknown>\n#4 0x5581fffa275f <unknown>\n#5 0x5581fffd02c1 <unknown>\n#6 0x5581fffc5161 <unknown>\n#7 0x5581fffc506b <unknown>\n#8 0x5581fff945c9 <unknown>\n#9 0x5581fff92ad5 <unknown>\n#10 0x55820006d9b2 <unknown>\n#11 0x55820005920e <unknown>\n#12 0x558200000232 <unknown>\n#13 0x558200000ee1 <unknown>\n#14 0x5582005083f9 <unknown>\n#15 0x55820050b34d <unknown>\n#16 0x5582004f1122 <unknown>\n#17 0x55820050bf2b <unknown>\n#18 0x5582004d7c30 <unknown>\n#19 0x55820052cd78 <unknown>\n#20 0x55820052cf4c <unknown>\n#21 0x55820053e973 <unknown>\n#22 0x7f4b0ee9caa4 <unknown>\n#23 0x7f4b0ef29c6c <unknown>","time":{"start":1768404493136,"stop":1768404493136,"duration":0}}]}}